{"/home/yanwr/projects/refactoring/src/main.ts": {"path":"/home/yanwr/projects/refactoring/src/main.ts","statementMap":{"0":{"start":{"line":2,"column":14},"end":{"line":2,"column":15}},"1":{"start":{"line":3,"column":1},"end":{"line":43,"column":null}},"2":{"start":{"line":4,"column":2},"end":{"line":41,"column":null}},"3":{"start":{"line":5,"column":3},"end":{"line":36,"column":null}},"4":{"start":{"line":7,"column":16},"end":{"line":32,"column":null}},"5":{"start":{"line":8,"column":20},"end":{"line":8,"column":45}},"6":{"start":{"line":11,"column":20},"end":{"line":31,"column":null}},"7":{"start":{"line":14,"column":24},"end":{"line":21,"column":null}},"8":{"start":{"line":16,"column":28},"end":{"line":16,"column":54}},"9":{"start":{"line":19,"column":28},"end":{"line":19,"column":51}},"10":{"start":{"line":24,"column":24},"end":{"line":30,"column":null}},"11":{"start":{"line":26,"column":28},"end":{"line":26,"column":53}},"12":{"start":{"line":29,"column":28},"end":{"line":29,"column":54}},"13":{"start":{"line":35,"column":4},"end":{"line":35,"column":14}},"14":{"start":{"line":40,"column":3},"end":{"line":40,"column":13}},"15":{"start":{"line":44,"column":1},"end":{"line":48,"column":null}},"16":{"start":{"line":45,"column":2},"end":{"line":45,"column":12}},"17":{"start":{"line":47,"column":2},"end":{"line":47,"column":16}},"18":{"start":{"line":1,"column":0},"end":{"line":1,"column":16}}},"fnMap":{"0":{"name":"calc","decl":{"start":{"line":1,"column":16},"end":{"line":1,"column":20}},"loc":{"start":{"line":1,"column":34},"end":{"line":49,"column":1}}}},"branchMap":{"0":{"loc":{"start":{"line":4,"column":2},"end":{"line":41,"column":null}},"type":"if","locations":[{"start":{"line":4,"column":2},"end":{"line":41,"column":null}},{"start":{"line":37,"column":9},"end":{"line":41,"column":null}}]},"1":{"loc":{"start":{"line":4,"column":6},"end":{"line":4,"column":95}},"type":"binary-expr","locations":[{"start":{"line":4,"column":6},"end":{"line":4,"column":22}},{"start":{"line":4,"column":26},"end":{"line":4,"column":47}},{"start":{"line":4,"column":51},"end":{"line":4,"column":79}},{"start":{"line":4,"column":83},"end":{"line":4,"column":95}}]},"2":{"loc":{"start":{"line":5,"column":3},"end":{"line":36,"column":null}},"type":"if","locations":[{"start":{"line":5,"column":3},"end":{"line":36,"column":null}},{"start":{"line":33,"column":10},"end":{"line":36,"column":null}}]},"3":{"loc":{"start":{"line":5,"column":7},"end":{"line":5,"column":110}},"type":"binary-expr","locations":[{"start":{"line":5,"column":7},"end":{"line":5,"column":21}},{"start":{"line":5,"column":25},"end":{"line":5,"column":44}},{"start":{"line":5,"column":48},"end":{"line":5,"column":70}},{"start":{"line":5,"column":74},"end":{"line":5,"column":110}}]},"4":{"loc":{"start":{"line":7,"column":16},"end":{"line":32,"column":null}},"type":"if","locations":[{"start":{"line":7,"column":16},"end":{"line":32,"column":null}},{"start":{"line":9,"column":23},"end":{"line":32,"column":null}}]},"5":{"loc":{"start":{"line":11,"column":20},"end":{"line":31,"column":null}},"type":"if","locations":[{"start":{"line":11,"column":20},"end":{"line":31,"column":null}},{"start":{"line":22,"column":27},"end":{"line":31,"column":null}}]},"6":{"loc":{"start":{"line":11,"column":24},"end":{"line":11,"column":73}},"type":"binary-expr","locations":[{"start":{"line":11,"column":24},"end":{"line":11,"column":47}},{"start":{"line":11,"column":51},"end":{"line":11,"column":73}}]},"7":{"loc":{"start":{"line":14,"column":24},"end":{"line":21,"column":null}},"type":"if","locations":[{"start":{"line":14,"column":24},"end":{"line":21,"column":null}},{"start":{"line":18,"column":31},"end":{"line":21,"column":null}}]},"8":{"loc":{"start":{"line":24,"column":24},"end":{"line":30,"column":null}},"type":"if","locations":[{"start":{"line":24,"column":24},"end":{"line":30,"column":null}},{"start":{"line":28,"column":31},"end":{"line":30,"column":null}}]},"9":{"loc":{"start":{"line":44,"column":1},"end":{"line":48,"column":null}},"type":"if","locations":[{"start":{"line":44,"column":1},"end":{"line":48,"column":null}},{"start":{"line":46,"column":8},"end":{"line":48,"column":null}}]}},"s":{"0":8,"1":8,"2":8,"3":7,"4":6,"5":2,"6":4,"7":2,"8":1,"9":1,"10":2,"11":1,"12":1,"13":1,"14":1,"15":6,"16":1,"17":5,"18":1},"f":{"0":8},"b":{"0":[7,1],"1":[8,8,8,8],"2":[6,1],"3":[7,7,7,7],"4":[2,4],"5":[2,2],"6":[4,2],"7":[1,1],"8":[1,1],"9":[1,5]}}
}
