TN:
SF:src/main.ts
FN:1,calc
FNF:1
FNH:1
FNDA:8,calc
DA:1,1
DA:2,8
DA:3,8
DA:4,8
DA:5,7
DA:7,6
DA:8,2
DA:11,4
DA:14,2
DA:16,1
DA:19,1
DA:24,2
DA:26,1
DA:29,1
DA:35,1
DA:40,1
DA:44,6
DA:45,1
DA:47,5
LF:19
LH:19
BRDA:4,0,0,7
BRDA:4,0,1,1
BRDA:4,1,0,8
BRDA:4,1,1,8
BRDA:4,1,2,8
BRDA:4,1,3,8
BRDA:5,2,0,6
BRDA:5,2,1,1
BRDA:5,3,0,7
BRDA:5,3,1,7
BRDA:5,3,2,7
BRDA:5,3,3,7
BRDA:7,4,0,2
BRDA:7,4,1,4
BRDA:11,5,0,2
BRDA:11,5,1,2
BRDA:11,6,0,4
BRDA:11,6,1,2
BRDA:14,7,0,1
BRDA:14,7,1,1
BRDA:24,8,0,1
BRDA:24,8,1,1
BRDA:44,9,0,1
BRDA:44,9,1,5
BRF:24
BRH:24
end_of_record
